<?xml version="1.0" encoding="UTF-8"?>
<testsuite xmlns:xsi="http://www.w3.org/2001/XMLSchema-instance" xsi:noNamespaceSchemaLocation="https://maven.apache.org/surefire/maven-surefire-plugin/xsd/surefire-test-report.xsd" name="pl.marekk.nlp.textextraction.domain.TextExtractorTest" time="0.023" tests="2" errors="0" skipped="0" failures="0">
  <properties>
    <property name="java.specification.version" value="15"/>
    <property name="sun.jnu.encoding" value="UTF-8"/>
    <property name="java.class.path" value="/home/marekk/workspace/projects/nlp/target/test-classes:/home/marekk/workspace/projects/nlp/target/classes:/home/marekk/.m2/repository/org/springframework/boot/spring-boot-starter-web/2.3.3.RELEASE/spring-boot-starter-web-2.3.3.RELEASE.jar:/home/marekk/.m2/repository/org/springframework/boot/spring-boot-starter/2.3.3.RELEASE/spring-boot-starter-2.3.3.RELEASE.jar:/home/marekk/.m2/repository/org/springframework/boot/spring-boot/2.3.3.RELEASE/spring-boot-2.3.3.RELEASE.jar:/home/marekk/.m2/repository/org/springframework/boot/spring-boot-autoconfigure/2.3.3.RELEASE/spring-boot-autoconfigure-2.3.3.RELEASE.jar:/home/marekk/.m2/repository/org/springframework/boot/spring-boot-starter-logging/2.3.3.RELEASE/spring-boot-starter-logging-2.3.3.RELEASE.jar:/home/marekk/.m2/repository/ch/qos/logback/logback-classic/1.2.3/logback-classic-1.2.3.jar:/home/marekk/.m2/repository/ch/qos/logback/logback-core/1.2.3/logback-core-1.2.3.jar:/home/marekk/.m2/repository/org/apache/logging/log4j/log4j-to-slf4j/2.13.3/log4j-to-slf4j-2.13.3.jar:/home/marekk/.m2/repository/org/apache/logging/log4j/log4j-api/2.13.3/log4j-api-2.13.3.jar:/home/marekk/.m2/repository/org/slf4j/jul-to-slf4j/1.7.30/jul-to-slf4j-1.7.30.jar:/home/marekk/.m2/repository/jakarta/annotation/jakarta.annotation-api/1.3.5/jakarta.annotation-api-1.3.5.jar:/home/marekk/.m2/repository/org/yaml/snakeyaml/1.26/snakeyaml-1.26.jar:/home/marekk/.m2/repository/org/springframework/boot/spring-boot-starter-json/2.3.3.RELEASE/spring-boot-starter-json-2.3.3.RELEASE.jar:/home/marekk/.m2/repository/com/fasterxml/jackson/core/jackson-databind/2.11.2/jackson-databind-2.11.2.jar:/home/marekk/.m2/repository/com/fasterxml/jackson/core/jackson-annotations/2.11.2/jackson-annotations-2.11.2.jar:/home/marekk/.m2/repository/com/fasterxml/jackson/core/jackson-core/2.11.2/jackson-core-2.11.2.jar:/home/marekk/.m2/repository/com/fasterxml/jackson/datatype/jackson-datatype-jdk8/2.11.2/jackson-datatype-jdk8-2.11.2.jar:/home/marekk/.m2/repository/com/fasterxml/jackson/datatype/jackson-datatype-jsr310/2.11.2/jackson-datatype-jsr310-2.11.2.jar:/home/marekk/.m2/repository/com/fasterxml/jackson/module/jackson-module-parameter-names/2.11.2/jackson-module-parameter-names-2.11.2.jar:/home/marekk/.m2/repository/org/springframework/boot/spring-boot-starter-tomcat/2.3.3.RELEASE/spring-boot-starter-tomcat-2.3.3.RELEASE.jar:/home/marekk/.m2/repository/org/apache/tomcat/embed/tomcat-embed-core/9.0.37/tomcat-embed-core-9.0.37.jar:/home/marekk/.m2/repository/org/apache/tomcat/embed/tomcat-embed-websocket/9.0.37/tomcat-embed-websocket-9.0.37.jar:/home/marekk/.m2/repository/org/springframework/spring-web/5.2.8.RELEASE/spring-web-5.2.8.RELEASE.jar:/home/marekk/.m2/repository/org/springframework/spring-beans/5.2.8.RELEASE/spring-beans-5.2.8.RELEASE.jar:/home/marekk/.m2/repository/org/springframework/spring-webmvc/5.2.8.RELEASE/spring-webmvc-5.2.8.RELEASE.jar:/home/marekk/.m2/repository/org/springframework/spring-context/5.2.8.RELEASE/spring-context-5.2.8.RELEASE.jar:/home/marekk/.m2/repository/org/springframework/spring-expression/5.2.8.RELEASE/spring-expression-5.2.8.RELEASE.jar:/home/marekk/.m2/repository/org/springframework/boot/spring-boot-starter-validation/2.3.3.RELEASE/spring-boot-starter-validation-2.3.3.RELEASE.jar:/home/marekk/.m2/repository/org/glassfish/jakarta.el/3.0.3/jakarta.el-3.0.3.jar:/home/marekk/.m2/repository/org/hibernate/validator/hibernate-validator/6.1.5.Final/hibernate-validator-6.1.5.Final.jar:/home/marekk/.m2/repository/jakarta/validation/jakarta.validation-api/2.0.2/jakarta.validation-api-2.0.2.jar:/home/marekk/.m2/repository/org/jboss/logging/jboss-logging/3.4.1.Final/jboss-logging-3.4.1.Final.jar:/home/marekk/.m2/repository/org/springframework/boot/spring-boot-starter-aop/2.3.3.RELEASE/spring-boot-starter-aop-2.3.3.RELEASE.jar:/home/marekk/.m2/repository/org/springframework/spring-aop/5.2.8.RELEASE/spring-aop-5.2.8.RELEASE.jar:/home/marekk/.m2/repository/org/aspectj/aspectjweaver/1.9.6/aspectjweaver-1.9.6.jar:/home/marekk/.m2/repository/org/springframework/boot/spring-boot-configuration-processor/2.3.3.RELEASE/spring-boot-configuration-processor-2.3.3.RELEASE.jar:/home/marekk/.m2/repository/io/springfox/springfox-boot-starter/3.0.0/springfox-boot-starter-3.0.0.jar:/home/marekk/.m2/repository/io/springfox/springfox-oas/3.0.0/springfox-oas-3.0.0.jar:/home/marekk/.m2/repository/io/swagger/core/v3/swagger-annotations/2.1.2/swagger-annotations-2.1.2.jar:/home/marekk/.m2/repository/io/swagger/core/v3/swagger-models/2.1.2/swagger-models-2.1.2.jar:/home/marekk/.m2/repository/io/springfox/springfox-spi/3.0.0/springfox-spi-3.0.0.jar:/home/marekk/.m2/repository/io/springfox/springfox-schema/3.0.0/springfox-schema-3.0.0.jar:/home/marekk/.m2/repository/io/springfox/springfox-core/3.0.0/springfox-core-3.0.0.jar:/home/marekk/.m2/repository/io/springfox/springfox-spring-web/3.0.0/springfox-spring-web-3.0.0.jar:/home/marekk/.m2/repository/io/github/classgraph/classgraph/4.8.83/classgraph-4.8.83.jar:/home/marekk/.m2/repository/io/springfox/springfox-spring-webmvc/3.0.0/springfox-spring-webmvc-3.0.0.jar:/home/marekk/.m2/repository/io/springfox/springfox-spring-webflux/3.0.0/springfox-spring-webflux-3.0.0.jar:/home/marekk/.m2/repository/io/springfox/springfox-swagger-common/3.0.0/springfox-swagger-common-3.0.0.jar:/home/marekk/.m2/repository/org/mapstruct/mapstruct/1.3.1.Final/mapstruct-1.3.1.Final.jar:/home/marekk/.m2/repository/io/springfox/springfox-data-rest/3.0.0/springfox-data-rest-3.0.0.jar:/home/marekk/.m2/repository/io/springfox/springfox-bean-validators/3.0.0/springfox-bean-validators-3.0.0.jar:/home/marekk/.m2/repository/io/springfox/springfox-swagger2/3.0.0/springfox-swagger2-3.0.0.jar:/home/marekk/.m2/repository/io/swagger/swagger-annotations/1.5.20/swagger-annotations-1.5.20.jar:/home/marekk/.m2/repository/io/swagger/swagger-models/1.5.20/swagger-models-1.5.20.jar:/home/marekk/.m2/repository/io/springfox/springfox-swagger-ui/3.0.0/springfox-swagger-ui-3.0.0.jar:/home/marekk/.m2/repository/com/fasterxml/classmate/1.5.1/classmate-1.5.1.jar:/home/marekk/.m2/repository/org/slf4j/slf4j-api/1.7.30/slf4j-api-1.7.30.jar:/home/marekk/.m2/repository/org/springframework/plugin/spring-plugin-core/2.0.0.RELEASE/spring-plugin-core-2.0.0.RELEASE.jar:/home/marekk/.m2/repository/org/springframework/plugin/spring-plugin-metadata/2.0.0.RELEASE/spring-plugin-metadata-2.0.0.RELEASE.jar:/home/marekk/.m2/repository/com/neovisionaries/nv-i18n/1.9/nv-i18n-1.9.jar:/home/marekk/.m2/repository/com/squareup/okhttp3/logging-interceptor/4.9.0/logging-interceptor-4.9.0.jar:/home/marekk/.m2/repository/org/jetbrains/kotlin/kotlin-stdlib-jdk8/1.3.72/kotlin-stdlib-jdk8-1.3.72.jar:/home/marekk/.m2/repository/org/jetbrains/kotlin/kotlin-stdlib-jdk7/1.3.72/kotlin-stdlib-jdk7-1.3.72.jar:/home/marekk/.m2/repository/org/projectlombok/lombok/1.18.12/lombok-1.18.12.jar:/home/marekk/.m2/repository/com/squareup/okhttp3/okhttp/4.9.0/okhttp-4.9.0.jar:/home/marekk/.m2/repository/com/squareup/okio/okio/2.8.0/okio-2.8.0.jar:/home/marekk/.m2/repository/org/jetbrains/kotlin/kotlin-stdlib-common/1.3.72/kotlin-stdlib-common-1.3.72.jar:/home/marekk/.m2/repository/org/jetbrains/kotlin/kotlin-stdlib/1.3.72/kotlin-stdlib-1.3.72.jar:/home/marekk/.m2/repository/org/jetbrains/annotations/13.0/annotations-13.0.jar:/home/marekk/.m2/repository/io/vavr/vavr/0.10.3/vavr-0.10.3.jar:/home/marekk/.m2/repository/io/vavr/vavr-match/0.10.3/vavr-match-0.10.3.jar:/home/marekk/.m2/repository/org/springframework/boot/spring-boot-starter-data-mongodb/2.3.3.RELEASE/spring-boot-starter-data-mongodb-2.3.3.RELEASE.jar:/home/marekk/.m2/repository/org/mongodb/mongodb-driver-sync/4.0.5/mongodb-driver-sync-4.0.5.jar:/home/marekk/.m2/repository/org/mongodb/bson/4.0.5/bson-4.0.5.jar:/home/marekk/.m2/repository/org/mongodb/mongodb-driver-core/4.0.5/mongodb-driver-core-4.0.5.jar:/home/marekk/.m2/repository/org/springframework/data/spring-data-mongodb/3.0.3.RELEASE/spring-data-mongodb-3.0.3.RELEASE.jar:/home/marekk/.m2/repository/org/springframework/spring-tx/5.2.8.RELEASE/spring-tx-5.2.8.RELEASE.jar:/home/marekk/.m2/repository/org/springframework/data/spring-data-commons/2.3.3.RELEASE/spring-data-commons-2.3.3.RELEASE.jar:/home/marekk/.m2/repository/io/rest-assured/spring-mock-mvc/4.3.1/spring-mock-mvc-4.3.1.jar:/home/marekk/.m2/repository/io/rest-assured/rest-assured/3.3.0/rest-assured-3.3.0.jar:/home/marekk/.m2/repository/org/codehaus/groovy/groovy-xml/2.5.13/groovy-xml-2.5.13.jar:/home/marekk/.m2/repository/org/apache/httpcomponents/httpclient/4.5.12/httpclient-4.5.12.jar:/home/marekk/.m2/repository/org/apache/httpcomponents/httpcore/4.4.13/httpcore-4.4.13.jar:/home/marekk/.m2/repository/commons-codec/commons-codec/1.14/commons-codec-1.14.jar:/home/marekk/.m2/repository/org/apache/httpcomponents/httpmime/4.5.12/httpmime-4.5.12.jar:/home/marekk/.m2/repository/org/hamcrest/hamcrest-core/2.2/hamcrest-core-2.2.jar:/home/marekk/.m2/repository/org/hamcrest/hamcrest-library/2.2/hamcrest-library-2.2.jar:/home/marekk/.m2/repository/org/ccil/cowan/tagsoup/tagsoup/1.2.1/tagsoup-1.2.1.jar:/home/marekk/.m2/repository/io/rest-assured/json-path/3.3.0/json-path-3.3.0.jar:/home/marekk/.m2/repository/org/codehaus/groovy/groovy-json/2.5.13/groovy-json-2.5.13.jar:/home/marekk/.m2/repository/io/rest-assured/xml-path/3.3.0/xml-path-3.3.0.jar:/home/marekk/.m2/repository/javax/xml/bind/jaxb-api/2.3.1/jaxb-api-2.3.1.jar:/home/marekk/.m2/repository/javax/activation/javax.activation-api/1.2.0/javax.activation-api-1.2.0.jar:/home/marekk/.m2/repository/com/sun/xml/bind/jaxb-osgi/2.2.10/jaxb-osgi-2.2.10.jar:/home/marekk/.m2/repository/org/apache/sling/org.apache.sling.javax.activation/0.1.0/org.apache.sling.javax.activation-0.1.0.jar:/home/marekk/.m2/repository/javax/activation/activation/1.1.1/activation-1.1.1.jar:/home/marekk/.m2/repository/io/rest-assured/spring-commons/4.3.1/spring-commons-4.3.1.jar:/home/marekk/.m2/repository/org/springframework/spring-test/5.2.8.RELEASE/spring-test-5.2.8.RELEASE.jar:/home/marekk/.m2/repository/org/assertj/assertj-vavr/0.2.0/assertj-vavr-0.2.0.jar:/home/marekk/.m2/repository/org/assertj/assertj-core/3.16.1/assertj-core-3.16.1.jar:/home/marekk/.m2/repository/io/rest-assured/rest-assured-common/4.3.1/rest-assured-common-4.3.1.jar:/home/marekk/.m2/repository/org/codehaus/groovy/groovy/2.5.13/groovy-2.5.13.jar:/home/marekk/.m2/repository/org/apache/commons/commons-lang3/3.10/commons-lang3-3.10.jar:/home/marekk/.m2/repository/de/flapdoodle/embed/de.flapdoodle.embed.mongo/2.2.0/de.flapdoodle.embed.mongo-2.2.0.jar:/home/marekk/.m2/repository/de/flapdoodle/embed/de.flapdoodle.embed.process/2.1.2/de.flapdoodle.embed.process-2.1.2.jar:/home/marekk/.m2/repository/net/java/dev/jna/jna/4.0.0/jna-4.0.0.jar:/home/marekk/.m2/repository/net/java/dev/jna/jna-platform/4.0.0/jna-platform-4.0.0.jar:/home/marekk/.m2/repository/org/apache/commons/commons-compress/1.18/commons-compress-1.18.jar:/home/marekk/.m2/repository/org/springframework/boot/spring-boot-starter-test/2.3.3.RELEASE/spring-boot-starter-test-2.3.3.RELEASE.jar:/home/marekk/.m2/repository/org/springframework/boot/spring-boot-test/2.3.3.RELEASE/spring-boot-test-2.3.3.RELEASE.jar:/home/marekk/.m2/repository/org/springframework/boot/spring-boot-test-autoconfigure/2.3.3.RELEASE/spring-boot-test-autoconfigure-2.3.3.RELEASE.jar:/home/marekk/.m2/repository/com/jayway/jsonpath/json-path/2.4.0/json-path-2.4.0.jar:/home/marekk/.m2/repository/net/minidev/json-smart/2.3/json-smart-2.3.jar:/home/marekk/.m2/repository/net/minidev/accessors-smart/1.2/accessors-smart-1.2.jar:/home/marekk/.m2/repository/org/ow2/asm/asm/5.0.4/asm-5.0.4.jar:/home/marekk/.m2/repository/jakarta/xml/bind/jakarta.xml.bind-api/2.3.3/jakarta.xml.bind-api-2.3.3.jar:/home/marekk/.m2/repository/jakarta/activation/jakarta.activation-api/1.2.2/jakarta.activation-api-1.2.2.jar:/home/marekk/.m2/repository/org/hamcrest/hamcrest/2.2/hamcrest-2.2.jar:/home/marekk/.m2/repository/org/junit/jupiter/junit-jupiter/5.6.2/junit-jupiter-5.6.2.jar:/home/marekk/.m2/repository/org/junit/jupiter/junit-jupiter-api/5.6.2/junit-jupiter-api-5.6.2.jar:/home/marekk/.m2/repository/org/apiguardian/apiguardian-api/1.1.0/apiguardian-api-1.1.0.jar:/home/marekk/.m2/repository/org/opentest4j/opentest4j/1.2.0/opentest4j-1.2.0.jar:/home/marekk/.m2/repository/org/junit/platform/junit-platform-commons/1.6.2/junit-platform-commons-1.6.2.jar:/home/marekk/.m2/repository/org/junit/jupiter/junit-jupiter-params/5.6.2/junit-jupiter-params-5.6.2.jar:/home/marekk/.m2/repository/org/junit/jupiter/junit-jupiter-engine/5.6.2/junit-jupiter-engine-5.6.2.jar:/home/marekk/.m2/repository/org/junit/platform/junit-platform-engine/1.6.2/junit-platform-engine-1.6.2.jar:/home/marekk/.m2/repository/org/mockito/mockito-core/3.3.3/mockito-core-3.3.3.jar:/home/marekk/.m2/repository/net/bytebuddy/byte-buddy/1.10.14/byte-buddy-1.10.14.jar:/home/marekk/.m2/repository/net/bytebuddy/byte-buddy-agent/1.10.14/byte-buddy-agent-1.10.14.jar:/home/marekk/.m2/repository/org/objenesis/objenesis/2.6/objenesis-2.6.jar:/home/marekk/.m2/repository/org/mockito/mockito-junit-jupiter/3.3.3/mockito-junit-jupiter-3.3.3.jar:/home/marekk/.m2/repository/org/skyscreamer/jsonassert/1.5.0/jsonassert-1.5.0.jar:/home/marekk/.m2/repository/com/vaadin/external/google/android-json/0.0.20131108.vaadin1/android-json-0.0.20131108.vaadin1.jar:/home/marekk/.m2/repository/org/springframework/spring-core/5.2.8.RELEASE/spring-core-5.2.8.RELEASE.jar:/home/marekk/.m2/repository/org/springframework/spring-jcl/5.2.8.RELEASE/spring-jcl-5.2.8.RELEASE.jar:/home/marekk/.m2/repository/org/xmlunit/xmlunit-core/2.7.0/xmlunit-core-2.7.0.jar:"/>
    <property name="java.vm.vendor" value="Oracle Corporation"/>
    <property name="sun.arch.data.model" value="64"/>
    <property name="java.vendor.url" value="https://java.oracle.com/"/>
    <property name="os.name" value="Linux"/>
    <property name="java.vm.specification.version" value="15"/>
    <property name="sun.java.launcher" value="SUN_STANDARD"/>
    <property name="user.country" value="PL"/>
    <property name="sun.boot.library.path" value="/home/marekk/workspace/apps/jdk-15.0.1/lib"/>
    <property name="sun.java.command" value="/home/marekk/workspace/projects/nlp/target/surefire/surefirebooter10249797573889555872.jar /home/marekk/workspace/projects/nlp/target/surefire 2021-02-20T10-02-54_663-jvmRun1 surefire6873957656765532444tmp surefire_016303904277864713563tmp"/>
    <property name="jdk.debug" value="release"/>
    <property name="surefire.test.class.path" value="/home/marekk/workspace/projects/nlp/target/test-classes:/home/marekk/workspace/projects/nlp/target/classes:/home/marekk/.m2/repository/org/springframework/boot/spring-boot-starter-web/2.3.3.RELEASE/spring-boot-starter-web-2.3.3.RELEASE.jar:/home/marekk/.m2/repository/org/springframework/boot/spring-boot-starter/2.3.3.RELEASE/spring-boot-starter-2.3.3.RELEASE.jar:/home/marekk/.m2/repository/org/springframework/boot/spring-boot/2.3.3.RELEASE/spring-boot-2.3.3.RELEASE.jar:/home/marekk/.m2/repository/org/springframework/boot/spring-boot-autoconfigure/2.3.3.RELEASE/spring-boot-autoconfigure-2.3.3.RELEASE.jar:/home/marekk/.m2/repository/org/springframework/boot/spring-boot-starter-logging/2.3.3.RELEASE/spring-boot-starter-logging-2.3.3.RELEASE.jar:/home/marekk/.m2/repository/ch/qos/logback/logback-classic/1.2.3/logback-classic-1.2.3.jar:/home/marekk/.m2/repository/ch/qos/logback/logback-core/1.2.3/logback-core-1.2.3.jar:/home/marekk/.m2/repository/org/apache/logging/log4j/log4j-to-slf4j/2.13.3/log4j-to-slf4j-2.13.3.jar:/home/marekk/.m2/repository/org/apache/logging/log4j/log4j-api/2.13.3/log4j-api-2.13.3.jar:/home/marekk/.m2/repository/org/slf4j/jul-to-slf4j/1.7.30/jul-to-slf4j-1.7.30.jar:/home/marekk/.m2/repository/jakarta/annotation/jakarta.annotation-api/1.3.5/jakarta.annotation-api-1.3.5.jar:/home/marekk/.m2/repository/org/yaml/snakeyaml/1.26/snakeyaml-1.26.jar:/home/marekk/.m2/repository/org/springframework/boot/spring-boot-starter-json/2.3.3.RELEASE/spring-boot-starter-json-2.3.3.RELEASE.jar:/home/marekk/.m2/repository/com/fasterxml/jackson/core/jackson-databind/2.11.2/jackson-databind-2.11.2.jar:/home/marekk/.m2/repository/com/fasterxml/jackson/core/jackson-annotations/2.11.2/jackson-annotations-2.11.2.jar:/home/marekk/.m2/repository/com/fasterxml/jackson/core/jackson-core/2.11.2/jackson-core-2.11.2.jar:/home/marekk/.m2/repository/com/fasterxml/jackson/datatype/jackson-datatype-jdk8/2.11.2/jackson-datatype-jdk8-2.11.2.jar:/home/marekk/.m2/repository/com/fasterxml/jackson/datatype/jackson-datatype-jsr310/2.11.2/jackson-datatype-jsr310-2.11.2.jar:/home/marekk/.m2/repository/com/fasterxml/jackson/module/jackson-module-parameter-names/2.11.2/jackson-module-parameter-names-2.11.2.jar:/home/marekk/.m2/repository/org/springframework/boot/spring-boot-starter-tomcat/2.3.3.RELEASE/spring-boot-starter-tomcat-2.3.3.RELEASE.jar:/home/marekk/.m2/repository/org/apache/tomcat/embed/tomcat-embed-core/9.0.37/tomcat-embed-core-9.0.37.jar:/home/marekk/.m2/repository/org/apache/tomcat/embed/tomcat-embed-websocket/9.0.37/tomcat-embed-websocket-9.0.37.jar:/home/marekk/.m2/repository/org/springframework/spring-web/5.2.8.RELEASE/spring-web-5.2.8.RELEASE.jar:/home/marekk/.m2/repository/org/springframework/spring-beans/5.2.8.RELEASE/spring-beans-5.2.8.RELEASE.jar:/home/marekk/.m2/repository/org/springframework/spring-webmvc/5.2.8.RELEASE/spring-webmvc-5.2.8.RELEASE.jar:/home/marekk/.m2/repository/org/springframework/spring-context/5.2.8.RELEASE/spring-context-5.2.8.RELEASE.jar:/home/marekk/.m2/repository/org/springframework/spring-expression/5.2.8.RELEASE/spring-expression-5.2.8.RELEASE.jar:/home/marekk/.m2/repository/org/springframework/boot/spring-boot-starter-validation/2.3.3.RELEASE/spring-boot-starter-validation-2.3.3.RELEASE.jar:/home/marekk/.m2/repository/org/glassfish/jakarta.el/3.0.3/jakarta.el-3.0.3.jar:/home/marekk/.m2/repository/org/hibernate/validator/hibernate-validator/6.1.5.Final/hibernate-validator-6.1.5.Final.jar:/home/marekk/.m2/repository/jakarta/validation/jakarta.validation-api/2.0.2/jakarta.validation-api-2.0.2.jar:/home/marekk/.m2/repository/org/jboss/logging/jboss-logging/3.4.1.Final/jboss-logging-3.4.1.Final.jar:/home/marekk/.m2/repository/org/springframework/boot/spring-boot-starter-aop/2.3.3.RELEASE/spring-boot-starter-aop-2.3.3.RELEASE.jar:/home/marekk/.m2/repository/org/springframework/spring-aop/5.2.8.RELEASE/spring-aop-5.2.8.RELEASE.jar:/home/marekk/.m2/repository/org/aspectj/aspectjweaver/1.9.6/aspectjweaver-1.9.6.jar:/home/marekk/.m2/repository/org/springframework/boot/spring-boot-configuration-processor/2.3.3.RELEASE/spring-boot-configuration-processor-2.3.3.RELEASE.jar:/home/marekk/.m2/repository/io/springfox/springfox-boot-starter/3.0.0/springfox-boot-starter-3.0.0.jar:/home/marekk/.m2/repository/io/springfox/springfox-oas/3.0.0/springfox-oas-3.0.0.jar:/home/marekk/.m2/repository/io/swagger/core/v3/swagger-annotations/2.1.2/swagger-annotations-2.1.2.jar:/home/marekk/.m2/repository/io/swagger/core/v3/swagger-models/2.1.2/swagger-models-2.1.2.jar:/home/marekk/.m2/repository/io/springfox/springfox-spi/3.0.0/springfox-spi-3.0.0.jar:/home/marekk/.m2/repository/io/springfox/springfox-schema/3.0.0/springfox-schema-3.0.0.jar:/home/marekk/.m2/repository/io/springfox/springfox-core/3.0.0/springfox-core-3.0.0.jar:/home/marekk/.m2/repository/io/springfox/springfox-spring-web/3.0.0/springfox-spring-web-3.0.0.jar:/home/marekk/.m2/repository/io/github/classgraph/classgraph/4.8.83/classgraph-4.8.83.jar:/home/marekk/.m2/repository/io/springfox/springfox-spring-webmvc/3.0.0/springfox-spring-webmvc-3.0.0.jar:/home/marekk/.m2/repository/io/springfox/springfox-spring-webflux/3.0.0/springfox-spring-webflux-3.0.0.jar:/home/marekk/.m2/repository/io/springfox/springfox-swagger-common/3.0.0/springfox-swagger-common-3.0.0.jar:/home/marekk/.m2/repository/org/mapstruct/mapstruct/1.3.1.Final/mapstruct-1.3.1.Final.jar:/home/marekk/.m2/repository/io/springfox/springfox-data-rest/3.0.0/springfox-data-rest-3.0.0.jar:/home/marekk/.m2/repository/io/springfox/springfox-bean-validators/3.0.0/springfox-bean-validators-3.0.0.jar:/home/marekk/.m2/repository/io/springfox/springfox-swagger2/3.0.0/springfox-swagger2-3.0.0.jar:/home/marekk/.m2/repository/io/swagger/swagger-annotations/1.5.20/swagger-annotations-1.5.20.jar:/home/marekk/.m2/repository/io/swagger/swagger-models/1.5.20/swagger-models-1.5.20.jar:/home/marekk/.m2/repository/io/springfox/springfox-swagger-ui/3.0.0/springfox-swagger-ui-3.0.0.jar:/home/marekk/.m2/repository/com/fasterxml/classmate/1.5.1/classmate-1.5.1.jar:/home/marekk/.m2/repository/org/slf4j/slf4j-api/1.7.30/slf4j-api-1.7.30.jar:/home/marekk/.m2/repository/org/springframework/plugin/spring-plugin-core/2.0.0.RELEASE/spring-plugin-core-2.0.0.RELEASE.jar:/home/marekk/.m2/repository/org/springframework/plugin/spring-plugin-metadata/2.0.0.RELEASE/spring-plugin-metadata-2.0.0.RELEASE.jar:/home/marekk/.m2/repository/com/neovisionaries/nv-i18n/1.9/nv-i18n-1.9.jar:/home/marekk/.m2/repository/com/squareup/okhttp3/logging-interceptor/4.9.0/logging-interceptor-4.9.0.jar:/home/marekk/.m2/repository/org/jetbrains/kotlin/kotlin-stdlib-jdk8/1.3.72/kotlin-stdlib-jdk8-1.3.72.jar:/home/marekk/.m2/repository/org/jetbrains/kotlin/kotlin-stdlib-jdk7/1.3.72/kotlin-stdlib-jdk7-1.3.72.jar:/home/marekk/.m2/repository/org/projectlombok/lombok/1.18.12/lombok-1.18.12.jar:/home/marekk/.m2/repository/com/squareup/okhttp3/okhttp/4.9.0/okhttp-4.9.0.jar:/home/marekk/.m2/repository/com/squareup/okio/okio/2.8.0/okio-2.8.0.jar:/home/marekk/.m2/repository/org/jetbrains/kotlin/kotlin-stdlib-common/1.3.72/kotlin-stdlib-common-1.3.72.jar:/home/marekk/.m2/repository/org/jetbrains/kotlin/kotlin-stdlib/1.3.72/kotlin-stdlib-1.3.72.jar:/home/marekk/.m2/repository/org/jetbrains/annotations/13.0/annotations-13.0.jar:/home/marekk/.m2/repository/io/vavr/vavr/0.10.3/vavr-0.10.3.jar:/home/marekk/.m2/repository/io/vavr/vavr-match/0.10.3/vavr-match-0.10.3.jar:/home/marekk/.m2/repository/org/springframework/boot/spring-boot-starter-data-mongodb/2.3.3.RELEASE/spring-boot-starter-data-mongodb-2.3.3.RELEASE.jar:/home/marekk/.m2/repository/org/mongodb/mongodb-driver-sync/4.0.5/mongodb-driver-sync-4.0.5.jar:/home/marekk/.m2/repository/org/mongodb/bson/4.0.5/bson-4.0.5.jar:/home/marekk/.m2/repository/org/mongodb/mongodb-driver-core/4.0.5/mongodb-driver-core-4.0.5.jar:/home/marekk/.m2/repository/org/springframework/data/spring-data-mongodb/3.0.3.RELEASE/spring-data-mongodb-3.0.3.RELEASE.jar:/home/marekk/.m2/repository/org/springframework/spring-tx/5.2.8.RELEASE/spring-tx-5.2.8.RELEASE.jar:/home/marekk/.m2/repository/org/springframework/data/spring-data-commons/2.3.3.RELEASE/spring-data-commons-2.3.3.RELEASE.jar:/home/marekk/.m2/repository/io/rest-assured/spring-mock-mvc/4.3.1/spring-mock-mvc-4.3.1.jar:/home/marekk/.m2/repository/io/rest-assured/rest-assured/3.3.0/rest-assured-3.3.0.jar:/home/marekk/.m2/repository/org/codehaus/groovy/groovy-xml/2.5.13/groovy-xml-2.5.13.jar:/home/marekk/.m2/repository/org/apache/httpcomponents/httpclient/4.5.12/httpclient-4.5.12.jar:/home/marekk/.m2/repository/org/apache/httpcomponents/httpcore/4.4.13/httpcore-4.4.13.jar:/home/marekk/.m2/repository/commons-codec/commons-codec/1.14/commons-codec-1.14.jar:/home/marekk/.m2/repository/org/apache/httpcomponents/httpmime/4.5.12/httpmime-4.5.12.jar:/home/marekk/.m2/repository/org/hamcrest/hamcrest-core/2.2/hamcrest-core-2.2.jar:/home/marekk/.m2/repository/org/hamcrest/hamcrest-library/2.2/hamcrest-library-2.2.jar:/home/marekk/.m2/repository/org/ccil/cowan/tagsoup/tagsoup/1.2.1/tagsoup-1.2.1.jar:/home/marekk/.m2/repository/io/rest-assured/json-path/3.3.0/json-path-3.3.0.jar:/home/marekk/.m2/repository/org/codehaus/groovy/groovy-json/2.5.13/groovy-json-2.5.13.jar:/home/marekk/.m2/repository/io/rest-assured/xml-path/3.3.0/xml-path-3.3.0.jar:/home/marekk/.m2/repository/javax/xml/bind/jaxb-api/2.3.1/jaxb-api-2.3.1.jar:/home/marekk/.m2/repository/javax/activation/javax.activation-api/1.2.0/javax.activation-api-1.2.0.jar:/home/marekk/.m2/repository/com/sun/xml/bind/jaxb-osgi/2.2.10/jaxb-osgi-2.2.10.jar:/home/marekk/.m2/repository/org/apache/sling/org.apache.sling.javax.activation/0.1.0/org.apache.sling.javax.activation-0.1.0.jar:/home/marekk/.m2/repository/javax/activation/activation/1.1.1/activation-1.1.1.jar:/home/marekk/.m2/repository/io/rest-assured/spring-commons/4.3.1/spring-commons-4.3.1.jar:/home/marekk/.m2/repository/org/springframework/spring-test/5.2.8.RELEASE/spring-test-5.2.8.RELEASE.jar:/home/marekk/.m2/repository/org/assertj/assertj-vavr/0.2.0/assertj-vavr-0.2.0.jar:/home/marekk/.m2/repository/org/assertj/assertj-core/3.16.1/assertj-core-3.16.1.jar:/home/marekk/.m2/repository/io/rest-assured/rest-assured-common/4.3.1/rest-assured-common-4.3.1.jar:/home/marekk/.m2/repository/org/codehaus/groovy/groovy/2.5.13/groovy-2.5.13.jar:/home/marekk/.m2/repository/org/apache/commons/commons-lang3/3.10/commons-lang3-3.10.jar:/home/marekk/.m2/repository/de/flapdoodle/embed/de.flapdoodle.embed.mongo/2.2.0/de.flapdoodle.embed.mongo-2.2.0.jar:/home/marekk/.m2/repository/de/flapdoodle/embed/de.flapdoodle.embed.process/2.1.2/de.flapdoodle.embed.process-2.1.2.jar:/home/marekk/.m2/repository/net/java/dev/jna/jna/4.0.0/jna-4.0.0.jar:/home/marekk/.m2/repository/net/java/dev/jna/jna-platform/4.0.0/jna-platform-4.0.0.jar:/home/marekk/.m2/repository/org/apache/commons/commons-compress/1.18/commons-compress-1.18.jar:/home/marekk/.m2/repository/org/springframework/boot/spring-boot-starter-test/2.3.3.RELEASE/spring-boot-starter-test-2.3.3.RELEASE.jar:/home/marekk/.m2/repository/org/springframework/boot/spring-boot-test/2.3.3.RELEASE/spring-boot-test-2.3.3.RELEASE.jar:/home/marekk/.m2/repository/org/springframework/boot/spring-boot-test-autoconfigure/2.3.3.RELEASE/spring-boot-test-autoconfigure-2.3.3.RELEASE.jar:/home/marekk/.m2/repository/com/jayway/jsonpath/json-path/2.4.0/json-path-2.4.0.jar:/home/marekk/.m2/repository/net/minidev/json-smart/2.3/json-smart-2.3.jar:/home/marekk/.m2/repository/net/minidev/accessors-smart/1.2/accessors-smart-1.2.jar:/home/marekk/.m2/repository/org/ow2/asm/asm/5.0.4/asm-5.0.4.jar:/home/marekk/.m2/repository/jakarta/xml/bind/jakarta.xml.bind-api/2.3.3/jakarta.xml.bind-api-2.3.3.jar:/home/marekk/.m2/repository/jakarta/activation/jakarta.activation-api/1.2.2/jakarta.activation-api-1.2.2.jar:/home/marekk/.m2/repository/org/hamcrest/hamcrest/2.2/hamcrest-2.2.jar:/home/marekk/.m2/repository/org/junit/jupiter/junit-jupiter/5.6.2/junit-jupiter-5.6.2.jar:/home/marekk/.m2/repository/org/junit/jupiter/junit-jupiter-api/5.6.2/junit-jupiter-api-5.6.2.jar:/home/marekk/.m2/repository/org/apiguardian/apiguardian-api/1.1.0/apiguardian-api-1.1.0.jar:/home/marekk/.m2/repository/org/opentest4j/opentest4j/1.2.0/opentest4j-1.2.0.jar:/home/marekk/.m2/repository/org/junit/platform/junit-platform-commons/1.6.2/junit-platform-commons-1.6.2.jar:/home/marekk/.m2/repository/org/junit/jupiter/junit-jupiter-params/5.6.2/junit-jupiter-params-5.6.2.jar:/home/marekk/.m2/repository/org/junit/jupiter/junit-jupiter-engine/5.6.2/junit-jupiter-engine-5.6.2.jar:/home/marekk/.m2/repository/org/junit/platform/junit-platform-engine/1.6.2/junit-platform-engine-1.6.2.jar:/home/marekk/.m2/repository/org/mockito/mockito-core/3.3.3/mockito-core-3.3.3.jar:/home/marekk/.m2/repository/net/bytebuddy/byte-buddy/1.10.14/byte-buddy-1.10.14.jar:/home/marekk/.m2/repository/net/bytebuddy/byte-buddy-agent/1.10.14/byte-buddy-agent-1.10.14.jar:/home/marekk/.m2/repository/org/objenesis/objenesis/2.6/objenesis-2.6.jar:/home/marekk/.m2/repository/org/mockito/mockito-junit-jupiter/3.3.3/mockito-junit-jupiter-3.3.3.jar:/home/marekk/.m2/repository/org/skyscreamer/jsonassert/1.5.0/jsonassert-1.5.0.jar:/home/marekk/.m2/repository/com/vaadin/external/google/android-json/0.0.20131108.vaadin1/android-json-0.0.20131108.vaadin1.jar:/home/marekk/.m2/repository/org/springframework/spring-core/5.2.8.RELEASE/spring-core-5.2.8.RELEASE.jar:/home/marekk/.m2/repository/org/springframework/spring-jcl/5.2.8.RELEASE/spring-jcl-5.2.8.RELEASE.jar:/home/marekk/.m2/repository/org/xmlunit/xmlunit-core/2.7.0/xmlunit-core-2.7.0.jar:"/>
    <property name="sun.cpu.endian" value="little"/>
    <property name="user.home" value="/home/marekk"/>
    <property name="user.language" value="pl"/>
    <property name="java.specification.vendor" value="Oracle Corporation"/>
    <property name="java.version.date" value="2020-10-20"/>
    <property name="java.home" value="/home/marekk/workspace/apps/jdk-15.0.1"/>
    <property name="file.separator" value="/"/>
    <property name="basedir" value="/home/marekk/workspace/projects/nlp"/>
    <property name="java.vm.compressedOopsMode" value="Zero based"/>
    <property name="line.separator" value="&#10;"/>
    <property name="java.vm.specification.vendor" value="Oracle Corporation"/>
    <property name="java.specification.name" value="Java Platform API Specification"/>
    <property name="surefire.real.class.path" value="/home/marekk/workspace/projects/nlp/target/surefire/surefirebooter10249797573889555872.jar"/>
    <property name="sun.management.compiler" value="HotSpot 64-Bit Tiered Compilers"/>
    <property name="java.runtime.version" value="15.0.1+9-18"/>
    <property name="user.name" value="marekk"/>
    <property name="path.separator" value=":"/>
    <property name="os.version" value="5.4.0-26-generic"/>
    <property name="java.runtime.name" value="Java(TM) SE Runtime Environment"/>
    <property name="file.encoding" value="UTF-8"/>
    <property name="java.vm.name" value="Java HotSpot(TM) 64-Bit Server VM"/>
    <property name="localRepository" value="/home/marekk/.m2/repository"/>
    <property name="java.vendor.url.bug" value="https://bugreport.java.com/bugreport/"/>
    <property name="java.io.tmpdir" value="/tmp"/>
    <property name="java.version" value="15.0.1"/>
    <property name="user.dir" value="/home/marekk/workspace/projects/nlp"/>
    <property name="os.arch" value="amd64"/>
    <property name="java.vm.specification.name" value="Java Virtual Machine Specification"/>
    <property name="java.library.path" value="/usr/java/packages/lib:/usr/lib64:/lib64:/lib:/usr/lib"/>
    <property name="java.vm.info" value="mixed mode, sharing"/>
    <property name="java.vendor" value="Oracle Corporation"/>
    <property name="java.vm.version" value="15.0.1+9-18"/>
    <property name="sun.io.unicode.encoding" value="UnicodeLittle"/>
    <property name="java.class.version" value="59.0"/>
  </properties>
  <testcase name="shouldReturnFailureResponse" classname="pl.marekk.nlp.textextraction.domain.TextExtractorTest" time="0.022"/>
  <testcase name="shouldReturnSuccessResponse" classname="pl.marekk.nlp.textextraction.domain.TextExtractorTest" time="0.001"/>
</testsuite>